Using pre-set license
Built from '2020.3/staging' branch; Version is '2020.3.5f1 (8095aa901b9b) revision 8426922'; Using compiler version '192528614'; Build Type 'Release'
OS: 'Windows 10 Pro; OS build 19042.928; Version 2009; 64bit' Language: 'en' Physical Memory: 16246 MB
BatchMode: 1, IsHumanControllingUs: 0, StartBugReporterOnCrash: 0, Is64bit: 1, IsPro: 0

 COMMAND LINE ARGUMENTS:
C:\Program Files\Unity\Hub\Editor\2020.3.5f1\Editor\Unity.exe
-adb2
-batchMode
-noUpm
-name
AssetImportWorker0
-projectPath
C:/Users/Morcado/unity/LoopHole
-logFile
Logs/AssetImportWorker0.log
-srvPort
54484
Successfully changed project path to: C:/Users/Morcado/unity/LoopHole
C:/Users/Morcado/unity/LoopHole
Using Asset Import Pipeline V2.
Refreshing native plugins compatible for Editor in 38.51 ms, found 0 plugins.
Preloading 0 native plugins for Editor in 0.00 ms.
Initialize engine version: 2020.3.5f1 (8095aa901b9b)
[Subsystems] Discovering subsystems at path C:/Program Files/Unity/Hub/Editor/2020.3.5f1/Editor/Data/Resources/UnitySubsystems
[Subsystems] Discovering subsystems at path C:/Users/Morcado/unity/LoopHole/Assets
GfxDevice: creating device client; threaded=0
Direct3D:
    Version:  Direct3D 11.0 [level 11.1]
    Renderer: Intel(R) UHD Graphics 630 (ID=0x3e98)
    Vendor:   
    VRAM:     8123 MB
    Driver:   26.20.100.7642
Shader 'Universal Render Pipeline/Particles/Lit': fallback shader 'Universal Render Pipeline/Particles/SimpleLit' not found
Initialize mono
Mono path[0] = 'C:/Program Files/Unity/Hub/Editor/2020.3.5f1/Editor/Data/Managed'
Mono path[1] = 'C:/Program Files/Unity/Hub/Editor/2020.3.5f1/Editor/Data/MonoBleedingEdge/lib/mono/unityjit'
Mono config path = 'C:/Program Files/Unity/Hub/Editor/2020.3.5f1/Editor/Data/MonoBleedingEdge/etc'
Using monoOptions --debugger-agent=transport=dt_socket,embedding=1,server=y,suspend=n,address=127.0.0.1:56904
Begin MonoManager ReloadAssembly
Registering precompiled unity dll's ...
Register platform support module: C:/Program Files/Unity/Hub/Editor/2020.3.5f1/Editor/Data/PlaybackEngines/WebGLSupport/UnityEditor.WebGL.Extensions.dll
Register platform support module: C:/Program Files/Unity/Hub/Editor/2020.3.5f1/Editor/Data/PlaybackEngines/WindowsStandaloneSupport/UnityEditor.WindowsStandalone.Extensions.dll
Registered in 0.001603 seconds.
Native extension for WindowsStandalone target not found
Native extension for WebGL target not found
Refreshing native plugins compatible for Editor in 37.01 ms, found 0 plugins.
Preloading 0 native plugins for Editor in 0.00 ms.
Mono: successfully reloaded assembly
- Completed reload, in  0.864 seconds
Platform modules already initialized, skipping
Registering precompiled user dll's ...
Registered in 0.000897 seconds.
Begin MonoManager ReloadAssembly
Native extension for WindowsStandalone target not found
Native extension for WebGL target not found
Refreshing native plugins compatible for Editor in 37.33 ms, found 0 plugins.
Preloading 0 native plugins for Editor in 0.00 ms.
Mono: successfully reloaded assembly
- Completed reload, in  0.767 seconds
Platform modules already initialized, skipping
========================================================================
Worker process is ready to serve import requests
Shader 'Universal Render Pipeline/Particles/Lit': fallback shader 'Universal Render Pipeline/Particles/SimpleLit' not found
Launched and connected shader compiler UnityShaderCompiler.exe after 0.03 seconds
Refreshing native plugins compatible for Editor in 0.32 ms, found 0 plugins.
Preloading 0 native plugins for Editor in 0.00 ms.
Unloading 2438 Unused Serialized files (Serialized files now loaded: 0)
System memory in use before: 116.1 MB.
System memory in use after: 116.3 MB.

Unloading 10 unused Assets to reduce memory usage. Loaded Objects now: 2881.
Total: 1.672700 ms (FindLiveObjects: 0.189900 ms CreateObjectMapping: 0.095200 ms MarkObjects: 1.334400 ms  DeleteObjects: 0.052500 ms)

========================================================================
Received Import Request.
  path: Assets/Prefabs/Railing.prefab
  artifactKey: Guid(386548a1fff59e147832a52e63bb649b) Importer(815301076,1909f56bfc062723c751e8b465ee728b)
Start importing Assets/Prefabs/Railing.prefab using Guid(386548a1fff59e147832a52e63bb649b) Importer(815301076,1909f56bfc062723c751e8b465ee728b)  -> (artifact id: 'dfb2902c2632d5ba1a72f7af490d57b2') in 0.185956 seconds
  Import took 0.189755 seconds .

========================================================================
Received Import Request.
  Time since last request: 0.000140 seconds.
  path: Assets/Prefabs/Platform_Normal (1).prefab
  artifactKey: Guid(e924a853da1c4be4d8ebd9d3c0853379) Importer(815301076,1909f56bfc062723c751e8b465ee728b)
Start importing Assets/Prefabs/Platform_Normal (1).prefab using Guid(e924a853da1c4be4d8ebd9d3c0853379) Importer(815301076,1909f56bfc062723c751e8b465ee728b)  -> (artifact id: '17a5d79e7d92e64a5bd4a705b424aa54') in 0.366963 seconds
  Import took 0.369919 seconds .

========================================================================
Received Import Request.
  Time since last request: 0.000221 seconds.
  path: Assets/Music/400392__chromakei__sfx-refrigerator-compressor.wav
  artifactKey: Guid(481433d1e41e8534b8987164c0989968) Importer(815301076,1909f56bfc062723c751e8b465ee728b)
Start importing Assets/Music/400392__chromakei__sfx-refrigerator-compressor.wav using Guid(481433d1e41e8534b8987164c0989968) Importer(815301076,1909f56bfc062723c751e8b465ee728b)  -> (artifact id: 'a9c90161724b22b99d2b81dffc307cff') in 0.024280 seconds
  Import took 0.027217 seconds .

========================================================================
Received Import Request.
  Time since last request: 0.000183 seconds.
  path: Assets/Prefabs/Window.prefab
  artifactKey: Guid(36b6708f25fbb9f41a4f03a787684b6d) Importer(815301076,1909f56bfc062723c751e8b465ee728b)
Start importing Assets/Prefabs/Window.prefab using Guid(36b6708f25fbb9f41a4f03a787684b6d) Importer(815301076,1909f56bfc062723c751e8b465ee728b)  -> (artifact id: '251344d290f099506142bbfb8b252209') in 0.012411 seconds
  Import took 0.015834 seconds .

========================================================================
Received Import Request.
  Time since last request: 0.000239 seconds.
  path: Assets/Prefabs/FlyingBotStart.prefab
  artifactKey: Guid(557551477ae4a3c41b62c6f7ce7d6e82) Importer(815301076,1909f56bfc062723c751e8b465ee728b)
Start importing Assets/Prefabs/FlyingBotStart.prefab using Guid(557551477ae4a3c41b62c6f7ce7d6e82) Importer(815301076,1909f56bfc062723c751e8b465ee728b)  -> (artifact id: '648222f8f8083c97a9931ff43690501d') in 0.025634 seconds
  Import took 0.030086 seconds .

========================================================================
Received Import Request.
  Time since last request: 0.000148 seconds.
  path: Assets/Prefabs/Background.prefab
  artifactKey: Guid(4b7cfd67fc408004a956f888b4a692d4) Importer(815301076,1909f56bfc062723c751e8b465ee728b)
Start importing Assets/Prefabs/Background.prefab using Guid(4b7cfd67fc408004a956f888b4a692d4) Importer(815301076,1909f56bfc062723c751e8b465ee728b)  -> (artifact id: '9360dcb9c3aa4f3f595d922148afc64d') in 0.688502 seconds
  Import took 0.694442 seconds .

========================================================================
Received Import Request.
  Time since last request: 0.000141 seconds.
  path: Assets/Prefabs/Box.prefab
  artifactKey: Guid(2bb50422408a80a4a99d0bf8667d40cd) Importer(815301076,1909f56bfc062723c751e8b465ee728b)
Start importing Assets/Prefabs/Box.prefab using Guid(2bb50422408a80a4a99d0bf8667d40cd) Importer(815301076,1909f56bfc062723c751e8b465ee728b)  -> (artifact id: '1b60abf77ab1ecba2f65d398b086d3a6') in 0.016268 seconds
  Import took 0.019516 seconds .

========================================================================
Received Import Request.
  Time since last request: 0.000115 seconds.
  path: Assets/Prefabs/Window2.prefab
  artifactKey: Guid(38314861d8550184a986256ce8cea84a) Importer(815301076,1909f56bfc062723c751e8b465ee728b)
Start importing Assets/Prefabs/Window2.prefab using Guid(38314861d8550184a986256ce8cea84a) Importer(815301076,1909f56bfc062723c751e8b465ee728b)  -> (artifact id: '6316de4041f530f60256b138b1b65689') in 0.013735 seconds
  Import took 0.017433 seconds .

========================================================================
Received Import Request.
  Time since last request: 0.000131 seconds.
  path: Assets/Prefabs/Button.prefab
  artifactKey: Guid(4c07099bdc6bc5440960446b65a81051) Importer(815301076,1909f56bfc062723c751e8b465ee728b)
Start importing Assets/Prefabs/Button.prefab using Guid(4c07099bdc6bc5440960446b65a81051) Importer(815301076,1909f56bfc062723c751e8b465ee728b)  -> (artifact id: 'b95491aa4beea60e2d8402d3bb2879bc') in 0.014059 seconds
  Import took 0.018450 seconds .

========================================================================
Received Import Request.
  Time since last request: 0.000137 seconds.
  path: Assets/Prefabs/Floor.prefab
  artifactKey: Guid(603024720869207418268c83f823dd58) Importer(815301076,1909f56bfc062723c751e8b465ee728b)
Start importing Assets/Prefabs/Floor.prefab using Guid(603024720869207418268c83f823dd58) Importer(815301076,1909f56bfc062723c751e8b465ee728b)  -> (artifact id: '5ab8455b4d7d97f37fd25ef45df4df12') in 0.009481 seconds
  Import took 0.013132 seconds .

========================================================================
Received Import Request.
  Time since last request: 0.000175 seconds.
  path: Assets/Prefabs/Chip.prefab
  artifactKey: Guid(e3b5a56dba427c04989db2e05df4854b) Importer(815301076,1909f56bfc062723c751e8b465ee728b)
Start importing Assets/Prefabs/Chip.prefab using Guid(e3b5a56dba427c04989db2e05df4854b) Importer(815301076,1909f56bfc062723c751e8b465ee728b)  -> (artifact id: '1acba9b8055b17e69d3a9d1cc664878e') in 0.020822 seconds
  Import took 0.025416 seconds .

AssetImportWorkerClient::OnTransportError - code=2 error=End of file
